<?xml version="1.0" encoding="UTF-8"?>
<!-- Generated by org.testng.reporters.JUnitReportReporter -->
<testsuite hostname="LAPTOP-P05SA00D" failures="0" tests="3" name="com.tutorialsninjaa.qa.testcases.SearchProductTestt" time="29.395" errors="0" timestamp="2023-07-27T19:55:53 PDT" skipped="0">
  <testcase classname="com.tutorialsninjaa.qa.testcases.SearchProductTestt" name="searchawithValidProduct" time="20.045"/>
  <testcase classname="com.tutorialsninjaa.qa.testcases.SearchProductTestt" name="searchWithInvalidProduct" time="4.793"/>
  <testcase classname="com.tutorialsninjaa.qa.testcases.SearchProductTestt" name="searchWithNoProduct" time="4.557"/>
</testsuite> <!-- com.tutorialsninjaa.qa.testcases.SearchProductTestt -->
