<?xml version="1.0" encoding="UTF-8"?>
<!-- Generated by org.testng.reporters.JUnitReportReporter -->
<testsuite hostname="LAPTOP-P05SA00D" failures="0" tests="16" name="com.tutorialsninjaa.qa.testcases.LoginTestt" time="136.377" errors="0" timestamp="2023-07-27T19:55:53 PDT" skipped="0">
  <testcase classname="com.tutorialsninjaa.qa.testcases.LoginTestt" name="verifyTutorialsLoginWithValidCredentials" time="8.804"/>
  <testcase classname="com.tutorialsninjaa.qa.testcases.LoginTestt" name="verifyTutorialsLoginWithValidCredentials" time="8.415"/>
  <testcase classname="com.tutorialsninjaa.qa.testcases.LoginTestt" name="verifyTutorialsLoginWithValidCredentials" time="10.797"/>
  <testcase classname="com.tutorialsninjaa.qa.testcases.LoginTestt" name="verifyTutorialsLoginWithValidCredentials" time="8.710"/>
  <testcase classname="com.tutorialsninjaa.qa.testcases.LoginTestt" name="verifyTutorialsLoginWithValidCredentials" time="9.132"/>
  <testcase classname="com.tutorialsninjaa.qa.testcases.LoginTestt" name="verifyTutorialsLoginWithValidCredentials" time="8.474"/>
  <testcase classname="com.tutorialsninjaa.qa.testcases.LoginTestt" name="verifyTutorialsLoginWithValidCredentials" time="9.001"/>
  <testcase classname="com.tutorialsninjaa.qa.testcases.LoginTestt" name="verifyTutorialsLoginWithValidCredentials" time="9.066"/>
  <testcase classname="com.tutorialsninjaa.qa.testcases.LoginTestt" name="verifyTutorialsLoginWithValidCredentials" time="8.808"/>
  <testcase classname="com.tutorialsninjaa.qa.testcases.LoginTestt" name="verifyTutorialsLoginWithValidCredentials" time="11.375"/>
  <testcase classname="com.tutorialsninjaa.qa.testcases.LoginTestt" name="verifyTutorialsLoginWithValidCredentials" time="8.737"/>
  <testcase classname="com.tutorialsninjaa.qa.testcases.LoginTestt" name="verifyTutorialsLoginWithValidCredentials" time="8.789"/>
  <testcase classname="com.tutorialsninjaa.qa.testcases.LoginTestt" name="verifyLoginTNWithInvalidCredentials" time="5.108"/>
  <testcase classname="com.tutorialsninjaa.qa.testcases.LoginTestt" name="verifyLoginTNWithValidEmailInvalidPassword" time="5.001"/>
  <testcase classname="com.tutorialsninjaa.qa.testcases.LoginTestt" name="verifyLoginTNInvalidEmailvalidpassword" time="11.251"/>
  <testcase classname="com.tutorialsninjaa.qa.testcases.LoginTestt" name="verifyLoginWithNoCredentials" time="4.909"/>
</testsuite> <!-- com.tutorialsninjaa.qa.testcases.LoginTestt -->
