<?xml version="1.0" encoding="UTF-8"?>
<!-- Generated by org.testng.reporters.JUnitReportReporter -->
<testsuite hostname="LAPTOP-P05SA00D" failures="0" tests="4" name="com.tutorialsninjaa.qa.testcases.RegisterTestt" time="22.285" errors="0" timestamp="2023-07-27T19:55:53 PDT" skipped="0">
  <testcase classname="com.tutorialsninjaa.qa.testcases.RegisterTestt" name="registerAccountWithMandatoryFields" time="5.804"/>
  <testcase classname="com.tutorialsninjaa.qa.testcases.RegisterTestt" name="registerAccountWithExistingEmail" time="5.485"/>
  <testcase classname="com.tutorialsninjaa.qa.testcases.RegisterTestt" name="registerAccountWithallFields" time="5.775"/>
  <testcase classname="com.tutorialsninjaa.qa.testcases.RegisterTestt" name="registerAccountWithNoFields" time="5.221"/>
</testsuite> <!-- com.tutorialsninjaa.qa.testcases.RegisterTestt -->
