<?xml version="1.0" encoding="UTF-8"?>
<!-- Generated by org.testng.reporters.JUnitReportReporter -->
<testsuite hostname="LAPTOP-P05SA00D" failures="0" tests="16" name="com.tutorialsninjaa.qa.testcases.LoginTestt" time="216.244" errors="0" timestamp="2023-07-27T20:27:38 PDT" skipped="0">
  <testcase classname="com.tutorialsninjaa.qa.testcases.LoginTestt" name="verifyTutorialsLoginWithValidCredentials" time="9.650"/>
  <system-out/>
  <testcase classname="com.tutorialsninjaa.qa.testcases.LoginTestt" name="verifyTutorialsLoginWithValidCredentials" time="76.265"/>
  <system-out/>
  <testcase classname="com.tutorialsninjaa.qa.testcases.LoginTestt" name="verifyTutorialsLoginWithValidCredentials" time="9.688"/>
  <system-out/>
  <testcase classname="com.tutorialsninjaa.qa.testcases.LoginTestt" name="verifyTutorialsLoginWithValidCredentials" time="10.198"/>
  <system-out/>
  <testcase classname="com.tutorialsninjaa.qa.testcases.LoginTestt" name="verifyTutorialsLoginWithValidCredentials" time="9.546"/>
  <system-out/>
  <testcase classname="com.tutorialsninjaa.qa.testcases.LoginTestt" name="verifyTutorialsLoginWithValidCredentials" time="9.936"/>
  <system-out/>
  <testcase classname="com.tutorialsninjaa.qa.testcases.LoginTestt" name="verifyTutorialsLoginWithValidCredentials" time="9.235"/>
  <system-out/>
  <testcase classname="com.tutorialsninjaa.qa.testcases.LoginTestt" name="verifyTutorialsLoginWithValidCredentials" time="9.301"/>
  <system-out/>
  <testcase classname="com.tutorialsninjaa.qa.testcases.LoginTestt" name="verifyTutorialsLoginWithValidCredentials" time="9.965"/>
  <system-out/>
  <testcase classname="com.tutorialsninjaa.qa.testcases.LoginTestt" name="verifyTutorialsLoginWithValidCredentials" time="9.827"/>
  <system-out/>
  <testcase classname="com.tutorialsninjaa.qa.testcases.LoginTestt" name="verifyTutorialsLoginWithValidCredentials" time="9.538"/>
  <system-out/>
  <testcase classname="com.tutorialsninjaa.qa.testcases.LoginTestt" name="verifyTutorialsLoginWithValidCredentials" time="9.849"/>
  <system-out/>
  <testcase classname="com.tutorialsninjaa.qa.testcases.LoginTestt" name="verifyLoginTNWithInvalidCredentials" time="8.673"/>
  <system-out/>
  <testcase classname="com.tutorialsninjaa.qa.testcases.LoginTestt" name="verifyLoginTNWithValidEmailInvalidPassword" time="5.855"/>
  <system-out/>
  <testcase classname="com.tutorialsninjaa.qa.testcases.LoginTestt" name="verifyLoginTNInvalidEmailvalidpassword" time="12.820"/>
  <system-out/>
  <testcase classname="com.tutorialsninjaa.qa.testcases.LoginTestt" name="verifyLoginWithNoCredentials" time="5.898"/>
  <system-out/>
</testsuite> <!-- com.tutorialsninjaa.qa.testcases.LoginTestt -->
