<?xml version="1.0" encoding="UTF-8"?>
<!-- Generated by org.testng.reporters.JUnitReportReporter -->
<testsuite hostname="LAPTOP-P05SA00D" failures="0" tests="3" name="com.tutorialsninjaa.qa.testcases.SearchProductTestt" time="32.362" errors="0" timestamp="2023-07-27T20:27:38 PDT" skipped="0">
  <testcase classname="com.tutorialsninjaa.qa.testcases.SearchProductTestt" name="searchawithValidProduct" time="21.895"/>
  <system-out/>
  <testcase classname="com.tutorialsninjaa.qa.testcases.SearchProductTestt" name="searchWithInvalidProduct" time="5.330"/>
  <system-out/>
  <testcase classname="com.tutorialsninjaa.qa.testcases.SearchProductTestt" name="searchWithNoProduct" time="5.137"/>
  <system-out/>
</testsuite> <!-- com.tutorialsninjaa.qa.testcases.SearchProductTestt -->
