<?xml version="1.0" encoding="UTF-8"?>
<!-- Generated by org.testng.reporters.JUnitReportReporter -->
<testsuite hostname="LAPTOP-P05SA00D" failures="0" tests="4" name="com.tutorialsninjaa.qa.testcases.RegisterTestt" time="27.995" errors="0" timestamp="2023-07-27T20:27:38 PDT" skipped="0">
  <testcase classname="com.tutorialsninjaa.qa.testcases.RegisterTestt" name="registerAccountWithMandatoryFields" time="7.228"/>
  <system-out/>
  <testcase classname="com.tutorialsninjaa.qa.testcases.RegisterTestt" name="registerAccountWithExistingEmail" time="7.382"/>
  <system-out/>
  <testcase classname="com.tutorialsninjaa.qa.testcases.RegisterTestt" name="registerAccountWithallFields" time="7.255"/>
  <system-out/>
  <testcase classname="com.tutorialsninjaa.qa.testcases.RegisterTestt" name="registerAccountWithNoFields" time="6.130"/>
  <system-out/>
</testsuite> <!-- com.tutorialsninjaa.qa.testcases.RegisterTestt -->
